<?xml version="1.0" encoding="UTF-8"?>
<!-- Generated by org.testng.reporters.JUnitXMLReporter -->
<testsuite ignored="0" hostname="DESKTOP-BDETOOS" failures="0" tests="3" name="Default test" time="58.272" errors="0" timestamp="2025-06-13T10:49:48 IST">
  <testcase classname="com.CRM.ModuleTest.ContactModuleTest" name="createContactSupportDateTest" time="11.197"/>
  <testcase classname="com.CRM.ModuleTest.ContactModuleTest" name="createContactTest" time="10.457"/>
  <testcase classname="com.CRM.ModuleTest.ContactModuleTest" name="createContactWithOrgTest" time="18.429"/>
</testsuite> <!-- Default test -->
