<?xml version="1.0" encoding="UTF-8"?>
<!-- Generated by org.testng.reporters.JUnitXMLReporter -->
<testsuite ignored="8" hostname="DESKTOP-BDETOOS" failures="0" tests="2" name="Test" time="45.47" errors="0" timestamp="2025-06-13T11:06:41 IST">
  <testcase classname="com.CRM.ModuleTest.ContactModuleTest" name="createContactWithOrgTest" time="18.07"/>
  <testcase classname="com.CRM.ModuleTest.OrganizationModuleTest" name="createOrgPhoneTest" time="11.132"/>
  <testcase classname="com.CRM.ModuleTest.OrganizationModuleTest" name="createIndTypeTest" time="0.0">
    <ignored/>
  </testcase> <!-- createIndTypeTest -->
  <testcase classname="com.CRM.ModuleTest.OrganizationModuleTest" name="createOrgTest" time="0.0">
    <ignored/>
  </testcase> <!-- createOrgTest -->
  <testcase classname="com.CRM.BaseClass.BaseClass" name="@BeforeSuite configBS" time="0.0">
    <ignored/>
  </testcase> <!-- @BeforeSuite configBS -->
  <testcase classname="com.CRM.ModuleTest.ContactModuleTest" name="createContactSupportDateTest" time="0.0">
    <ignored/>
  </testcase> <!-- createContactSupportDateTest -->
  <testcase classname="com.CRM.ModuleTest.ContactModuleTest" name="createContactTest" time="0.0">
    <ignored/>
  </testcase> <!-- createContactTest -->
  <testcase classname="com.CRM.BaseClass.BaseClass" name="@AfterTest configAT" time="0.0">
    <ignored/>
  </testcase> <!-- @AfterTest configAT -->
  <testcase classname="com.CRM.BaseClass.BaseClass" name="@BeforeTest configBT" time="0.0">
    <ignored/>
  </testcase> <!-- @BeforeTest configBT -->
  <testcase classname="com.CRM.BaseClass.BaseClass" name="@AfterSuite configAS" time="0.0">
    <ignored/>
  </testcase> <!-- @AfterSuite configAS -->
</testsuite> <!-- Test -->
