<?xml version="1.0" encoding="UTF-8"?>
<!-- Generated by org.testng.reporters.JUnitXMLReporter -->
<testsuite ignored="4" hostname="DESKTOP-BDETOOS" failures="0" tests="2" name="TestRunner-Chrome" time="77.961" errors="0" timestamp="2025-06-03T14:36:19 IST">
  <testcase classname="com.CRM.ModuleTest.LeadModuleTest" name="createLeadTest" time="32.262"/>
  <testcase classname="com.CRM.ModuleTest.CampaignModuleTest" name="createCampaignTest" time="26.618"/>
  <testcase classname="com.CRM.BaseClass.BaseClass" name="@BeforeSuite configBS" time="0.0">
    <ignored/>
  </testcase> <!-- @BeforeSuite configBS -->
  <testcase classname="com.CRM.BaseClass.BaseClass" name="@AfterTest configAT" time="0.0">
    <ignored/>
  </testcase> <!-- @AfterTest configAT -->
  <testcase classname="com.CRM.BaseClass.BaseClass" name="@BeforeTest configBT" time="0.0">
    <ignored/>
  </testcase> <!-- @BeforeTest configBT -->
  <testcase classname="com.CRM.BaseClass.BaseClass" name="@AfterSuite configAS" time="0.0">
    <ignored/>
  </testcase> <!-- @AfterSuite configAS -->
</testsuite> <!-- TestRunner-Chrome -->
