<?xml version="1.0" encoding="UTF-8"?>
<testng-results ignored="0" total="2" passed="2" failed="0" skipped="0">
  <reporter-output>
  </reporter-output>
  <suite started-at="2025-06-13T11:27:31 IST" name="Suite" finished-at="2025-06-13T11:28:20 IST" duration-ms="48896">
    <groups>
      <group name="Smoke Testing">
        <method signature="CampaignModuleTest.createCampaignTest()[pri:0, instance:com.CRM.ModuleTest.CampaignModuleTest@4c402120]" name="createCampaignTest" class="com.CRM.ModuleTest.CampaignModuleTest"/>
        <method signature="LeadModuleTest.createLeadTest()[pri:0, instance:com.CRM.ModuleTest.LeadModuleTest@61322f9d]" name="createLeadTest" class="com.CRM.ModuleTest.LeadModuleTest"/>
      </group> <!-- Smoke Testing -->
      <group name="Regression Testing">
        <method signature="CampaignModuleTest.createCampaignTest()[pri:0, instance:com.CRM.ModuleTest.CampaignModuleTest@4c402120]" name="createCampaignTest" class="com.CRM.ModuleTest.CampaignModuleTest"/>
      </group> <!-- Regression Testing -->
    </groups>
    <test started-at="2025-06-13T11:27:31 IST" name="Test1" finished-at="2025-06-13T11:28:16 IST" duration-ms="44987">
      <class name="com.CRM.ModuleTest.CampaignModuleTest">
        <test-method is-config="true" signature="configBT()[pri:0, instance:com.CRM.ModuleTest.CampaignModuleTest@4c402120]" started-at="2025-06-13T11:27:31 IST" name="configBT" finished-at="2025-06-13T11:27:31 IST" duration-ms="2" status="PASS">
          <reporter-output>
          </reporter-output>
        </test-method> <!-- configBT -->
        <test-method is-config="true" signature="configBC(java.lang.String)[pri:0, instance:com.CRM.ModuleTest.CampaignModuleTest@4c402120]" started-at="2025-06-13T11:27:31 IST" name="configBC" finished-at="2025-06-13T11:27:38 IST" duration-ms="6514" status="PASS">
          <params>
            <param index="0">
              <value>
                <![CDATA[Chrome]]>
              </value>
            </param>
          </params>
          <reporter-output>
          </reporter-output>
        </test-method> <!-- configBC -->
        <test-method is-config="true" signature="configBM()[pri:0, instance:com.CRM.ModuleTest.CampaignModuleTest@4c402120]" started-at="2025-06-13T11:27:38 IST" name="configBM" finished-at="2025-06-13T11:27:46 IST" duration-ms="7673" status="PASS">
          <reporter-output>
          </reporter-output>
        </test-method> <!-- configBM -->
        <test-method signature="createCampaignTest()[pri:0, instance:com.CRM.ModuleTest.CampaignModuleTest@4c402120]" started-at="2025-06-13T11:27:46 IST" name="createCampaignTest" finished-at="2025-06-13T11:28:14 IST" duration-ms="28550" status="PASS">
          <reporter-output>
          </reporter-output>
        </test-method> <!-- createCampaignTest -->
        <test-method is-config="true" signature="configAM()[pri:0, instance:com.CRM.ModuleTest.CampaignModuleTest@4c402120]" started-at="2025-06-13T11:28:14 IST" name="configAM" finished-at="2025-06-13T11:28:16 IST" duration-ms="1669" status="PASS">
          <reporter-output>
          </reporter-output>
        </test-method> <!-- configAM -->
        <test-method is-config="true" signature="configAC()[pri:0, instance:com.CRM.ModuleTest.CampaignModuleTest@4c402120]" started-at="2025-06-13T11:28:16 IST" name="configAC" finished-at="2025-06-13T11:28:16 IST" duration-ms="506" status="PASS">
          <reporter-output>
          </reporter-output>
        </test-method> <!-- configAC -->
        <test-method is-config="true" signature="configAT()[pri:0, instance:com.CRM.ModuleTest.CampaignModuleTest@4c402120]" started-at="2025-06-13T11:28:16 IST" name="configAT" finished-at="2025-06-13T11:28:16 IST" duration-ms="0" status="PASS">
          <reporter-output>
          </reporter-output>
        </test-method> <!-- configAT -->
      </class> <!-- com.CRM.ModuleTest.CampaignModuleTest -->
    </test> <!-- Test1 -->
    <test started-at="2025-06-13T11:27:31 IST" name="Test2" finished-at="2025-06-13T11:28:20 IST" duration-ms="48896">
      <class name="com.CRM.ModuleTest.LeadModuleTest">
        <test-method is-config="true" signature="configBS()[pri:0, instance:com.CRM.ModuleTest.LeadModuleTest@61322f9d]" started-at="2025-06-13T11:27:31 IST" name="configBS" finished-at="2025-06-13T11:27:31 IST" duration-ms="283" status="PASS">
          <reporter-output>
          </reporter-output>
        </test-method> <!-- configBS -->
        <test-method is-config="true" signature="configBT()[pri:0, instance:com.CRM.ModuleTest.LeadModuleTest@61322f9d]" started-at="2025-06-13T11:27:31 IST" name="configBT" finished-at="2025-06-13T11:27:31 IST" duration-ms="3" status="PASS">
          <reporter-output>
          </reporter-output>
        </test-method> <!-- configBT -->
        <test-method is-config="true" signature="configBC(java.lang.String)[pri:0, instance:com.CRM.ModuleTest.LeadModuleTest@61322f9d]" started-at="2025-06-13T11:27:31 IST" name="configBC" finished-at="2025-06-13T11:27:42 IST" duration-ms="10486" status="PASS">
          <params>
            <param index="0">
              <value>
                <![CDATA[Firefox]]>
              </value>
            </param>
          </params>
          <reporter-output>
          </reporter-output>
        </test-method> <!-- configBC -->
        <test-method is-config="true" signature="configBM()[pri:0, instance:com.CRM.ModuleTest.LeadModuleTest@61322f9d]" started-at="2025-06-13T11:27:42 IST" name="configBM" finished-at="2025-06-13T11:27:50 IST" duration-ms="8014" status="PASS">
          <reporter-output>
          </reporter-output>
        </test-method> <!-- configBM -->
        <test-method signature="createLeadTest()[pri:0, instance:com.CRM.ModuleTest.LeadModuleTest@61322f9d]" started-at="2025-06-13T11:27:50 IST" name="createLeadTest" finished-at="2025-06-13T11:28:17 IST" duration-ms="27000" status="PASS">
          <reporter-output>
          </reporter-output>
        </test-method> <!-- createLeadTest -->
        <test-method is-config="true" signature="configAM()[pri:0, instance:com.CRM.ModuleTest.LeadModuleTest@61322f9d]" started-at="2025-06-13T11:28:17 IST" name="configAM" finished-at="2025-06-13T11:28:18 IST" duration-ms="1673" status="PASS">
          <reporter-output>
          </reporter-output>
        </test-method> <!-- configAM -->
        <test-method is-config="true" signature="configAC()[pri:0, instance:com.CRM.ModuleTest.LeadModuleTest@61322f9d]" started-at="2025-06-13T11:28:18 IST" name="configAC" finished-at="2025-06-13T11:28:20 IST" duration-ms="1687" status="PASS">
          <reporter-output>
          </reporter-output>
        </test-method> <!-- configAC -->
        <test-method is-config="true" signature="configAT()[pri:0, instance:com.CRM.ModuleTest.LeadModuleTest@61322f9d]" started-at="2025-06-13T11:28:20 IST" name="configAT" finished-at="2025-06-13T11:28:20 IST" duration-ms="0" status="PASS">
          <reporter-output>
          </reporter-output>
        </test-method> <!-- configAT -->
        <test-method is-config="true" signature="configAS()[pri:0, instance:com.CRM.ModuleTest.LeadModuleTest@61322f9d]" started-at="2025-06-13T11:28:20 IST" name="configAS" finished-at="2025-06-13T11:28:20 IST" duration-ms="2" status="PASS">
          <reporter-output>
          </reporter-output>
        </test-method> <!-- configAS -->
      </class> <!-- com.CRM.ModuleTest.LeadModuleTest -->
    </test> <!-- Test2 -->
  </suite> <!-- Suite -->
</testng-results>
